<?xml version="1.0" encoding="UTF-8"?>
<!-- Generated by org.testng.reporters.JUnitReportReporter -->
<testsuite hostname="tarena-PC" name="tedu.NewTest2" tests="3" failures="0" timestamp="28 Mar 2018 07:24:20 GMT" time="0.009" errors="0">
  <testcase name="f2" time="0.000" classname="tedu.NewTest2"/>
  <testcase name="f4" time="0.000" classname="tedu.NewTest2"/>
  <testcase name="f1" time="0.009" classname="tedu.NewTest2"/>
</testsuite> <!-- tedu.NewTest2 -->
