<?xml version="1.0" encoding="UTF-8"?>
<!-- Generated by org.testng.reporters.JUnitReportReporter -->
<testsuite hostname="tarena-PC" name="tedu.TestCopyOfApp" tests="1" failures="0" timestamp="28 Mar 2018 07:30:24 GMT" time="0.000" errors="0">
  <testcase name="testApp" time="0.000" classname="tedu.TestCopyOfApp"/>
</testsuite> <!-- tedu.TestCopyOfApp -->
