<?xml version="1.0" encoding="UTF-8"?>
<!-- Generated by org.testng.reporters.JUnitReportReporter -->
<testsuite hostname="tarena-PC" name="tedu.AbstractAppTest" tests="1" failures="0" timestamp="28 Mar 2018 02:21:26 GMT" time="0.001" errors="0">
  <testcase name="testApp" time="0.001" classname="tedu.AbstractAppTest"/>
</testsuite> <!-- tedu.AbstractAppTest -->
