<?xml version="1.0" encoding="UTF-8"?>
<!-- Generated by org.testng.reporters.JUnitReportReporter -->
<testsuite hostname="tarena-PC" name="tedu.NewTest1" tests="1" failures="0" timestamp="28 Mar 2018 04:32:12 GMT" time="0.007" errors="0">
  <testcase name="f" time="0.007" classname="tedu.NewTest1"/>
</testsuite> <!-- tedu.NewTest1 -->
