<?xml version="1.0" encoding="UTF-8"?>
<!-- Generated by org.testng.reporters.JUnitReportReporter -->
<testsuite hostname="tarena-PC" name="tedu.AppTest" tests="1" failures="0" timestamp="28 Mar 2018 01:48:47 GMT" time="0.001" errors="0">
  <testcase name="testApp" time="0.001" classname="tedu.AppTest"/>
</testsuite> <!-- tedu.AppTest -->
