<?xml version="1.0" encoding="UTF-8"?>
<!-- Generated by org.testng.reporters.JUnitReportReporter -->
<testsuite hostname="tarena-PC" name="ecshop.TestECShopSearch" tests="1" failures="0" timestamp="8 Apr 2018 01:01:15 GMT" time="17.271" errors="0">
  <testcase name="f" time="17.271" classname="ecshop.TestECShopSearch"/>
</testsuite> <!-- ecshop.TestECShopSearch -->
