<?xml version="1.0" encoding="UTF-8"?>
<!-- Generated by org.testng.reporters.JUnitReportReporter -->
<testsuite hostname="tarena-PC" name="tedu.CopyOfNewTestCase" tests="1" failures="0" timestamp="28 Mar 2018 04:08:05 GMT" time="0.012" errors="0">
  <testcase name="f" time="0.012" classname="tedu.CopyOfNewTestCase"/>
</testsuite> <!-- tedu.CopyOfNewTestCase -->
