<?xml version="1.0" encoding="UTF-8"?>
<!-- Generated by org.testng.reporters.JUnitReportReporter -->
<testsuite hostname="tarena-PC" name="ecshop.TestAdvancedSearch" tests="6" failures="0" timestamp="9 Apr 2018 00:34:46 GMT" time="73.273" errors="0">
  <testcase name="f" time="13.266" classname="ecshop.TestAdvancedSearch"/>
  <testcase name="f" time="12.350" classname="ecshop.TestAdvancedSearch"/>
  <testcase name="f" time="13.048" classname="ecshop.TestAdvancedSearch"/>
  <testcase name="f" time="8.969" classname="ecshop.TestAdvancedSearch"/>
  <testcase name="f" time="9.072" classname="ecshop.TestAdvancedSearch"/>
  <testcase name="f" time="16.568" classname="ecshop.TestAdvancedSearch"/>
</testsuite> <!-- ecshop.TestAdvancedSearch -->
